<?xml version="1.0" encoding="UTF-8"?>
<!-- Generated by org.testng.reporters.JUnitXMLReporter -->
<testsuite ignored="0" hostname="LAPTOP-DF9JTAB1" failures="0" tests="6" name="Default test" time="25.213" errors="0" timestamp="2024-12-07T14:19:21 IST">
  <testcase classname="login.Loginf" name="t1" time="3.651"/>
  <testcase classname="login.Loginf" name="t2" time="9.769"/>
  <testcase classname="login.Loginf" name="t3" time="0.222"/>
  <testcase classname="login.Loginf" name="t4" time="0.082"/>
  <testcase classname="login.Loginf" name="t5" time="0.148"/>
  <testcase classname="login.Loginf" name="t6" time="0.034"/>
</testsuite> <!-- Default test -->
